<?xml version="1.0" encoding="UTF-8"?>
<!-- Generated by org.testng.reporters.JUnitReportReporter -->
<testsuite hostname="DESKTOP-B8IAD35" failures="0" tests="2" name="tests.Test1" time="0.012" errors="0" timestamp="2022-08-10T05:25:05 IST" skipped="0">
  <testcase classname="tests.Test1" name="HasWicketKeeperTest" time="0.001"/>
  <system-out/>
  <testcase classname="tests.Test1" name="ForeignPlayersTest" time="0.011"/>
  <system-out/>
</testsuite> <!-- tests.Test1 -->
